Running: /opt/Xilinx/14.7/ISE_DS/ISE/bin/lin64/unwrapped/fuse -intstyle ise -incremental -lib unisims_ver -lib unimacro_ver -lib xilinxcorelib_ver -lib secureip -o /home/thegamingbot/Downloads/sem-5/VLSI/lab7/arrayMultiplier/arrayMultiplier16Bit_tb_isim_beh.exe -prj /home/thegamingbot/Downloads/sem-5/VLSI/lab7/arrayMultiplier/arrayMultiplier16Bit_tb_beh.prj arrayMultiplier16Bit_tb work.glbl 
ISim P.20131013 (signature 0xfbc00daa)
Number of CPUs detected in this system: 4
Turning on mult-threading, number of parallel sub-compilation jobs: 8 
Determining compilation order of HDL files
Analyzing Verilog file "/home/thegamingbot/Downloads/sem-5/VLSI/lab7/arrayMultiplier/arrayMultiplier16Bit.v" into library work
Analyzing Verilog file "/home/thegamingbot/Downloads/sem-5/VLSI/lab7/arrayMultiplier/arrayMultiplier16Bit_tb.v" into library work
Analyzing Verilog file "/opt/Xilinx/14.7/ISE_DS/ISE//verilog/src/glbl.v" into library work
Starting static elaboration
Completed static elaboration
Fuse Memory Usage: 82976 KB
Fuse CPU Usage: 1600 ms
Compiling module halfAdder
Compiling module arrayMultiplier2Bit
Compiling module arrayMultiplier4Bit
Compiling module arrayMultiplier8Bit
Compiling module arrayMultiplier16Bit
Compiling module arrayMultiplier16Bit_tb
Compiling module glbl
Time Resolution for simulation is 1ps.
Waiting for 1 sub-compilation(s) to finish...
Compiled 7 Verilog Units
Built simulation executable /home/thegamingbot/Downloads/sem-5/VLSI/lab7/arrayMultiplier/arrayMultiplier16Bit_tb_isim_beh.exe
Fuse Memory Usage: 643152 KB
Fuse CPU Usage: 1610 ms
GCC CPU Usage: 790 ms
