ISim log file
Running: /home/thegamingbot/Downloads/sem-5/VLSI/lab7/arrayMultiplier/arrayMultiplier16Bit_tb_isim_beh.exe -intstyle ise -gui -tclbatch isim.cmd -wdb /home/thegamingbot/Downloads/sem-5/VLSI/lab7/arrayMultiplier/arrayMultiplier16Bit_tb_isim_beh.wdb 
ISim P.20131013 (signature 0xfbc00daa)
This is a Full version of ISim.
Time resolution is 1 ps
# onerror resume
# wave add /
# run 1000 ns
Simulator is doing circuit initialization process.
Finished circuit initialization process.
# isim force add /arrayMultiplier16Bit_tb/A 1001010101010101 -radix bin
# isim force add /arrayMultiplier16Bit_tb/A 1001010101010101 -radix bin
# isim force add /arrayMultiplier16Bit_tb/B 1001000101001010 -radix bin
# isim force add /arrayMultiplier16Bit_tb/B 1001000101001010 -radix bin
# run 1.00us
# isim force add /arrayMultiplier16Bit_tb/A 0000000000000000 -radix bin
# isim force add /arrayMultiplier16Bit_tb/B 0000000000000000 -radix bin
# run 1.00us
# isim force add /arrayMultiplier16Bit_tb/A 1111111111111111 -radix bin
# isim force add /arrayMultiplier16Bit_tb/B 1111111111111111 -radix bin
# run 1.00us
# isim force add /arrayMultiplier16Bit_tb/B 1000000000000000 -radix bin
# isim force add /arrayMultiplier16Bit_tb/A 1000000000000000 -radix bin
# run 1.00us
# exit 0
