Running: /opt/Xilinx/14.7/ISE_DS/ISE/bin/lin64/unwrapped/fuse -intstyle ise -incremental -lib unisims_ver -lib unimacro_ver -lib xilinxcorelib_ver -lib secureip -o /home/thegamingbot/Downloads/BLOCKRAM/imageadd_isim_beh.exe -prj /home/thegamingbot/Downloads/BLOCKRAM/imageadd_beh.prj work.imageadd work.glbl 
ISim P.20131013 (signature 0xfbc00daa)
Number of CPUs detected in this system: 4
Turning on mult-threading, number of parallel sub-compilation jobs: 8 
Determining compilation order of HDL files
Analyzing Verilog file "/home/thegamingbot/Downloads/BLOCKRAM/ipcore_dir/blk_mem.v" into library work
Analyzing Verilog file "/home/thegamingbot/Downloads/BLOCKRAM/imageadd.v" into library work
Analyzing Verilog file "/opt/Xilinx/14.7/ISE_DS/ISE//verilog/src/glbl.v" into library work
Starting static elaboration
Completed static elaboration
Fuse Memory Usage: 84344 KB
Fuse CPU Usage: 1600 ms
Compiling module BLK_MEM_GEN_V7_3_output_stage(C_...
Compiling module BLK_MEM_GEN_V7_3_softecc_output_...
Compiling module BLK_MEM_GEN_V7_3_mem_module(C_CO...
Compiling module BLK_MEM_GEN_V7_3(C_FAMILY="virte...
Compiling module blk_mem
Compiling module imageadd
Compiling module glbl
Time Resolution for simulation is 1ps.
Compiled 7 Verilog Units
Built simulation executable /home/thegamingbot/Downloads/BLOCKRAM/imageadd_isim_beh.exe
Fuse Memory Usage: 647804 KB
Fuse CPU Usage: 1640 ms
GCC CPU Usage: 1610 ms
