ISim log file
Running: /home/thegamingbot/Downloads/BLOCKRAM/imageadd_isim_beh.exe -intstyle ise -gui -tclbatch isim.cmd -wdb /home/thegamingbot/Downloads/BLOCKRAM/imageadd_isim_beh.wdb 
ISim P.20131013 (signature 0xfbc00daa)
This is a Full version of ISim.
Time resolution is 1 ps
# onerror resume
# wave add /
# run 1000 ns
Simulator is doing circuit initialization process.
 Block Memory Generator CORE Generator module loading initial data...
 Block Memory Generator data initialization complete.
Block Memory Generator CORE Generator module imageadd.b1.inst.\native_mem_module.blk_mem_gen_v7_3_inst  is using a behavioral model for simulation which will not precisely model memory collision behavior.
 Block Memory Generator CORE Generator module loading initial data...
 Block Memory Generator data initialization complete.
Block Memory Generator CORE Generator module imageadd.b2.inst.\native_mem_module.blk_mem_gen_v7_3_inst  is using a behavioral model for simulation which will not precisely model memory collision behavior.
 Block Memory Generator CORE Generator module loading initial data...
 Block Memory Generator data initialization complete.
Block Memory Generator CORE Generator module imageadd.b3.inst.\native_mem_module.blk_mem_gen_v7_3_inst  is using a behavioral model for simulation which will not precisely model memory collision behavior.
Finished circuit initialization process.
# run 1.00ns
# isim force add /imageadd/clk 1 -radix bin -value 0 -radix bin -time 500 ps -repeat 1 ns
# isim force add /imageadd/rst 0 -radix bin
# run 1.00ns
# run 1.00ns
# run 1.00ns
# run 1.00ns
# isim force add /imageadd/rst 1 -radix bin
# run 1.00ns
# run 1.00ns
# run 1.00ns
# run 1.00ns
# run 1.00ns
# run 1.00ns
# run 1.00ns
# run 1.00ns
# run 1.00ns
# run 1.00ns
# run 1.00ns
# run 1.00ns
# run 1.00ns
# run 1.00ns
# run 1.00ns
# run 1.00ns
# run 1.00ns
# run 1.00ns
# run 1.00ns
# run 1.00ns
# run 1.00ns
# run 1.00ns
# run 1.00ns
# run 1.00ns
# run 1.00ns
# run 1.00ns
# run 1.00ns
# run 1.00ns
# run 1.00ns
# run 1.00ns
# run 1.00ns
# run 1.00ns
# run 1.00ns
# run 1.00ns
# run 1.00ns
# run 1.00ns
# run 1.00ns
# run 1.00ns
# run 1.00ns
# run 1.00ns
# run 1.00ns
# run 1.00ns
# run 1.00ns
# run 1.00ns
# run 1.00ns
# run 1.00ns
# run 1.00ns
# run 1.00ns
# run 1.00ns
# run 1.00ns
# run 1.00ns
# run 1.00ns
# run 1.00ns
# run 1.00ns
# run 1.00ns
# run 1.00ns
# run 1.00ns
# run 1.00ns
# run 1.00ns
# run 1.00ns
# run 1.00ns
# run 1.00ns
# run 1.00ns
# run 1.00ns
# run 1.00ns
# run 1.00ns
# exit 0
