Running: /opt/Xilinx/14.7/ISE_DS/ISE/bin/lin64/unwrapped/fuse -intstyle ise -incremental -lib unisims_ver -lib unimacro_ver -lib xilinxcorelib_ver -lib secureip -o /home/thegamingbot/Downloads/sem-5/VLSI/lab6/parityGenerator/parityGenerator_tb_isim_beh.exe -prj /home/thegamingbot/Downloads/sem-5/VLSI/lab6/parityGenerator/parityGenerator_tb_beh.prj work.parityGenerator_tb work.glbl 
ISim P.20131013 (signature 0xfbc00daa)
Number of CPUs detected in this system: 4
Turning on mult-threading, number of parallel sub-compilation jobs: 8 
Determining compilation order of HDL files
Analyzing Verilog file "/home/thegamingbot/Downloads/sem-5/VLSI/lab6/parityGenerator/parityGenerator.v" into library work
Analyzing Verilog file "/home/thegamingbot/Downloads/sem-5/VLSI/lab6/parityGenerator/parityGenerator_tb.v" into library work
Analyzing Verilog file "/opt/Xilinx/14.7/ISE_DS/ISE//verilog/src/glbl.v" into library work
Starting static elaboration
Completed static elaboration
Fuse Memory Usage: 82928 KB
Fuse CPU Usage: 1540 ms
Compiling module parityGenerator
Compiling module parityGenerator_tb
Compiling module glbl
Time Resolution for simulation is 1ps.
Waiting for 1 sub-compilation(s) to finish...
Compiled 3 Verilog Units
Built simulation executable /home/thegamingbot/Downloads/sem-5/VLSI/lab6/parityGenerator/parityGenerator_tb_isim_beh.exe
Fuse Memory Usage: 643096 KB
Fuse CPU Usage: 1540 ms
GCC CPU Usage: 390 ms
