ISim log file
Running: /home/thegamingbot/Downloads/sem-5/VLSI/lab6/parityGenerator/parityGenerator_tb_isim_beh.exe -intstyle ise -gui -tclbatch isim.cmd -wdb /home/thegamingbot/Downloads/sem-5/VLSI/lab6/parityGenerator/parityGenerator_tb_isim_beh.wdb 
INFO: There is another simulation running in the same directory. Using database file name isim1.wdb.
ISim P.20131013 (signature 0xfbc00daa)
This is a Full version of ISim.
Time resolution is 1 ps
# onerror resume
# wave add /
# run 1000 ns
Simulator is doing circuit initialization process.
Finished circuit initialization process.
# isim force add /parityGenerator_tb/A 11111111 -radix bin
# isim force add /parityGenerator_tb/A 11111111 -radix bin
# run 1.00us
# isim force add /parityGenerator_tb/A 11010010 -radix bin
# run 1.00us
# isim force add /parityGenerator_tb/A 10100010 -radix bin
# isim force add /parityGenerator_tb/A 10100010 -radix bin
# run 1.00us
# isim force add /parityGenerator_tb/A 10000100 -radix bin
# run 1.00us
# isim force add /parityGenerator_tb/A 00100001 -radix bin
# run 1.00us
# exit 0
# exit 0
