INFO:sim:172 - Generating IP...
Resolving generics for 'blk_mem'...
Applying external generics to 'blk_mem'...
Delivering associated files for 'blk_mem'...
Delivering EJava files for 'blk_mem'...
Generating implementation netlist for 'blk_mem'...
INFO:sim - Pre-processing HDL files for 'blk_mem'...
Running synthesis for 'blk_mem'
Running ngcbuild...
Writing VEO instantiation template for 'blk_mem'...
Writing Verilog behavioral simulation model for 'blk_mem'...
WARNING:sim - Overwriting existing file
   /home/mridul/Desktop/MRIDUL/VLSI/BLOCKRAM/ipcore_dir/tmp/_cg/blk_mem/doc/blk_
   mem_gen_v7_3_vinfo.html with file from view xilinx_documentation
Delivered 1 file into directory
/home/mridul/Desktop/MRIDUL/VLSI/BLOCKRAM/ipcore_dir/tmp/_cg/blk_mem
Generating ASY schematic symbol...
INFO:sim:949 - Finished generation of ASY schematic symbol.
Generating SYM schematic symbol for 'blk_mem'...
Generating metadata file...
Generating ISE project file for 'blk_mem'...
Generating ISE project...
XCO file found: blk_mem.xco
XMDF file found: blk_mem_xmdf.tcl
Adding /home/mridul/Desktop/MRIDUL/VLSI/BLOCKRAM/ipcore_dir/tmp/_cg/blk_mem.asy
-view all -origin_type imported
Adding /home/mridul/Desktop/MRIDUL/VLSI/BLOCKRAM/ipcore_dir/tmp/_cg/blk_mem.ngc
-view all -origin_type created
Checking file
"/home/mridul/Desktop/MRIDUL/VLSI/BLOCKRAM/ipcore_dir/tmp/_cg/blk_mem.ngc" for
project device match ...
File "/home/mridul/Desktop/MRIDUL/VLSI/BLOCKRAM/ipcore_dir/tmp/_cg/blk_mem.ngc"
device information matches project device.
Adding /home/mridul/Desktop/MRIDUL/VLSI/BLOCKRAM/ipcore_dir/tmp/_cg/blk_mem.sym
-view all -origin_type imported
Adding /home/mridul/Desktop/MRIDUL/VLSI/BLOCKRAM/ipcore_dir/tmp/_cg/blk_mem.v
-view all -origin_type created
INFO:HDLCompiler:1845 - Analyzing Verilog file
   "/home/mridul/Desktop/MRIDUL/VLSI/BLOCKRAM/ipcore_dir/tmp/_cg/blk_mem.v" into
   library work
INFO:ProjectMgmt - Parsing design hierarchy completed successfully.
Adding /home/mridul/Desktop/MRIDUL/VLSI/BLOCKRAM/ipcore_dir/tmp/_cg/blk_mem.veo
-view all -origin_type imported
INFO:TclTasksC:2116 - The automatic calculation of top has been turned-off.
   Please set the new top explicitly by running the "project set top" command.
   To re-calculate the new top automatically, set the "Auto Implementation Top"
   property to true.
Top level has been set to "/blk_mem"
Generating README file...
Generating FLIST file...
INFO:sim:948 - Finished FLIST file generation.
Launching README viewer...
Moving files to output directory...
Finished moving files to output directory
Wrote CGP file for project 'blk_mem'.
